Build started 10.10.2011 10:00:41.
     1>Project "C:\Libraries\mpir-2.4.0\build.vc10\lib_mpir_p4\lib_mpir_p4.vcxproj" on node 2 (build target(s)).
     1>PrepareForBuild:
         Creating directory "C:\Libraries\mpir-2.4.0\build.vc10\Win32\Debug\".
       InitializeBuildStatus:
         Creating "Win32\Debug\lib_mpir_p4.unsuccessfulbuild" because "AlwaysCreate" was specified.
       PreBuildEvent:
         cd ..\ 
         prebuild p4 win32
         
         :VCEnd
         building MPIR for p4
         creating mpir.h for win32
         copying tmp.h to ..\\mpir.h
         copying tmp.h to ..\\config.h
         copying ..\mpn\x86w\p4\gmp-mparam.h to ..\\gmp-mparam.h
         
         ..\longlong_pre.h
         
         
         Das System kann die angegebene Datei nicht finden.
         Folgender Fehler trat auf: +.
         
         ..\mpn\x86_64w\longlong_inc.h
         
         
         Das System kann die angegebene Datei nicht finden.
         Folgender Fehler trat auf: +.
         
         ..\longlong_post.h
         
         
         copying tmp.h to ..\\longlong.h
       ComputeYASMOutput:
         Creating directory "C:\Libraries\mpir-2.4.0\build.vc10\lib_mpir_p4\Win32\Debug\mpn\".
       _YASM:
         Assembling addmul_1.asm
         Assembling add_n.asm
         Assembling copyd.asm
         Assembling copyi.asm
         Assembling divexact_1.asm
         Assembling divexact_by3c.asm
         Assembling divrem_1.asm
         Assembling lshift.asm
         Assembling mod_1.asm
         Assembling mod_34lsub1.asm
         Assembling mul_1.asm
         Assembling mul_basecase.asm
         Assembling hamdist.asm
         Assembling popcount.asm
         Assembling rshift.asm
         Assembling submul_1.asm
         Assembling sub_n.asm
         Assembling udiv.asm
         Assembling umul.asm
         Assembling modexact_1c_odd.asm
         Assembling sqr_basecase.asm
         cmd.exe /C "C:\Users\PaulVoigtgl\AppData\Local\Temp\231f8f1a2f9e449fb329615cef337e9d.cmd"
         "c:\Program Files (x86)\Microsoft Visual Studio 10.0\VC\bin\"vsyasm.exe -Xvc -f Win32 -g cv8 -i "..\..\mpn\x86w\\" -o "Win32\Debug\mpn\\" -rnasm -pnasm   ..\..\mpn\x86w\pentium4\copyd.asm  ..\..\mpn\x86w\pentium4\copyi.asm  ..\..\mpn\x86w\divrem_1.asm  ..\..\mpn\x86w\mod_1.asm  ..\..\mpn\x86w\pentium4\mmx\hamdist.asm  ..\..\mpn\x86w\pentium4\mmx\popcount.asm  ..\..\mpn\x86w\udiv.asm  ..\..\mpn\x86w\umul.asm  ..\..\mpn\x86w\pentium4\mmx\lshift.asm  ..\..\mpn\x86w\pentium4\mmx\rshift.asm  ..\..\mpn\x86w\pentium4\sse2\add_n.asm  ..\..\mpn\x86w\pentium4\sse2\addmul_1.asm  ..\..\mpn\x86w\pentium4\sse2\divexact_1.asm  ..\..\mpn\x86w\pentium4\sse2\divexact_by3c.asm  ..\..\mpn\x86w\pentium4\sse2\mod_34lsub1.asm  ..\..\mpn\x86w\pentium4\sse2\modexact_1c_odd.asm  ..\..\mpn\x86w\pentium4\sse2\mul_1.asm  ..\..\mpn\x86w\pentium4\sse2\mul_basecase.asm  ..\..\mpn\x86w\pentium4\sse2\sqr_basecase.asm  ..\..\mpn\x86w\pentium4\sse2\sub_n.asm  ..\..\mpn\x86w\pentium4\sse2\submul_1.asm
       MakeDirsForCl:
         Creating directory "C:\Libraries\mpir-2.4.0\build.vc10\lib_mpir_p4\Win32\Debug\mpf".
         Creating directory "C:\Libraries\mpir-2.4.0\build.vc10\lib_mpir_p4\Win32\Debug\mpq".
         Creating directory "C:\Libraries\mpir-2.4.0\build.vc10\lib_mpir_p4\Win32\Debug\mpz".
         Creating directory "C:\Libraries\mpir-2.4.0\build.vc10\lib_mpir_p4\Win32\Debug\scanf".
         Creating directory "C:\Libraries\mpir-2.4.0\build.vc10\lib_mpir_p4\Win32\Debug\printf".
       ClCompile:
         c:\Program Files (x86)\Microsoft Visual Studio 10.0\VC\bin\CL.exe /c /I..\..\ /Zi /nologo /W3 /WX- /Od /Oy- /D _DEBUG /D _LIB /D HAVE_CONFIG_H /D _MBCS /Gm- /EHsc /RTC1 /MTd /GS /fp:precise /Zc:wchar_t /Zc:forScope /Fo"Win32\Debug\\" /Fd"C:\Libraries\mpir-2.4.0\build.vc10\Win32\Debug\mpir.pdb" /Gd /TC /analyze- /errorReport:prompt ..\..\assert.c ..\..\compat.c ..\..\errno.c "..\..\extract-dbl.c" ..\..\invalid.c ..\..\memory.c ..\..\mpn\generic\andn_n.c ..\..\mpn\generic\and_n.c ..\..\mpn\generic\iorn_n.c ..\..\mpn\generic\ior_n.c ..\..\mpn\generic\nand_n.c ..\..\mpn\generic\nior_n.c ..\..\mpn\generic\xnor_n.c ..\..\mpn\generic\xor_n.c ..\..\mpz\get_sx.c ..\..\mpz\get_ux.c ..\..\mpz\iset_sx.c ..\..\mpz\iset_ux.c ..\..\mpz\set_sx.c ..\..\mpz\set_ux.c ..\..\mp_bpl.c ..\..\mp_clz_tab.c ..\..\mp_dv_tab.c ..\..\mp_get_fns.c ..\..\mp_minv_tab.c ..\..\mp_set_fns.c ..\..\randbui.c ..\..\randclr.c ..\..\randdef.c ..\..\randiset.c ..\..\randlc2s.c ..\..\randlc2x.c ..\..\randmt.c ..\..\randmts.c ..\..\randmui.c ..\..\rands.c ..\..\randsd.c ..\..\randsdui.c "..\..\tal-reent.c" ..\..\version.c
         assert.c
         compat.c
         errno.c
         extract-dbl.c
         invalid.c
         memory.c
         andn_n.c
         and_n.c
         iorn_n.c
         ior_n.c
         nand_n.c
         nior_n.c
         xnor_n.c
         xor_n.c
         get_sx.c
     1>..\..\mpz\get_sx.c(45): warning C4146: unary minus operator applied to unsigned type, result still unsigned
         get_ux.c
         iset_sx.c
     1>..\..\mpz\iset_sx.c(50): warning C4146: unary minus operator applied to unsigned type, result still unsigned
     1>..\..\mpz\iset_sx.c(50): warning C4244: '=' : conversion from 'uintmax_t' to 'int', possible loss of data
         iset_ux.c
     1>..\..\mpz\iset_ux.c(50): warning C4244: '=' : conversion from 'uintmax_t' to 'int', possible loss of data
         set_sx.c
     1>..\..\mpz\set_sx.c(49): warning C4146: unary minus operator applied to unsigned type, result still unsigned
     1>..\..\mpz\set_sx.c(49): warning C4244: '=' : conversion from 'uintmax_t' to 'int', possible loss of data
         set_ux.c
     1>..\..\mpz\set_ux.c(49): warning C4244: '=' : conversion from 'uintmax_t' to 'int', possible loss of data
         Generating Code...
         Compiling...
         mp_bpl.c
         mp_clz_tab.c
         mp_dv_tab.c
         mp_get_fns.c
         mp_minv_tab.c
         mp_set_fns.c
         randbui.c
         randclr.c
         randdef.c
         randiset.c
         randlc2s.c
         randlc2x.c
         randmt.c
         randmts.c
         randmui.c
         rands.c
         randsd.c
         randsdui.c
         tal-reent.c
     1>..\..\tal-reent.c(54): warning C4146: unary minus operator applied to unsigned type, result still unsigned
     1>..\..\tal-reent.c(59): warning C4146: unary minus operator applied to unsigned type, result still unsigned
         version.c
         Generating Code...
         c:\Program Files (x86)\Microsoft Visual Studio 10.0\VC\bin\CL.exe /c /I..\..\ /Zi /nologo /W3 /WX- /Od /Oy- /D _DEBUG /D _LIB /D HAVE_CONFIG_H /D _MBCS /Gm- /EHsc /RTC1 /MTd /GS /fp:precise /Zc:wchar_t /Zc:forScope /Fo"Win32\Debug\mpf\\" /Fd"C:\Libraries\mpir-2.4.0\build.vc10\Win32\Debug\mpir.pdb" /Gd /TC /analyze- /errorReport:prompt ..\..\mpf\clears.c ..\..\mpf\inits.c ..\..\mpf\abs.c ..\..\mpf\add.c ..\..\mpf\add_ui.c ..\..\mpf\ceilfloor.c ..\..\mpf\clear.c ..\..\mpf\cmp.c ..\..\mpf\cmp_d.c ..\..\mpf\cmp_si.c ..\..\mpf\cmp_ui.c ..\..\mpf\div.c ..\..\mpf\div_2exp.c ..\..\mpf\div_ui.c ..\..\mpf\dump.c ..\..\mpf\eq.c ..\..\mpf\fits_sint.c ..\..\mpf\fits_slong.c ..\..\mpf\fits_sshort.c ..\..\mpf\fits_uint.c ..\..\mpf\fits_ulong.c ..\..\mpf\fits_ushort.c ..\..\mpf\get_d.c ..\..\mpf\get_d_2exp.c ..\..\mpf\get_dfl_prec.c ..\..\mpf\get_prc.c ..\..\mpf\get_si.c ..\..\mpf\get_str.c ..\..\mpf\get_ui.c ..\..\mpf\init.c ..\..\mpf\init2.c ..\..\mpf\inp_str.c ..\..\mpf\int_p.c ..\..\mpf\iset.c ..\..\mpf\iset_d.c ..\..\mpf\iset_si.c ..\..\mpf\iset_str.c ..\..\mpf\iset_ui.c ..\..\mpf\mul.c ..\..\mpf\mul_2exp.c ..\..\mpf\mul_ui.c ..\..\mpf\neg.c ..\..\mpf\out_str.c ..\..\mpf\pow_ui.c ..\..\mpf\random2.c ..\..\mpf\reldiff.c ..\..\mpf\rrandomb.c ..\..\mpf\set.c ..\..\mpf\set_d.c ..\..\mpf\set_dfl_prec.c ..\..\mpf\set_prc.c ..\..\mpf\set_prc_raw.c ..\..\mpf\set_q.c ..\..\mpf\set_si.c ..\..\mpf\set_str.c ..\..\mpf\set_ui.c ..\..\mpf\set_z.c ..\..\mpf\size.c ..\..\mpf\sqrt.c ..\..\mpf\sqrt_ui.c ..\..\mpf\sub.c ..\..\mpf\sub_ui.c ..\..\mpf\swap.c ..\..\mpf\trunc.c ..\..\mpf\ui_div.c ..\..\mpf\ui_sub.c ..\..\mpf\urandomb.c
         clears.c
         inits.c
         abs.c
         add.c
         add_ui.c
         ceilfloor.c
         clear.c
         cmp.c
         cmp_d.c
         cmp_si.c
         cmp_ui.c
         div.c
         div_2exp.c
         div_ui.c
         dump.c
         eq.c
     1>..\..\mpf\eq.c(32): warning C4101: 'size' : unreferenced local variable
         fits_sint.c
     1>c:\libraries\mpir-2.4.0\mpf\fits_s.h(65): warning C4146: unary minus operator applied to unsigned type, result still unsigned
         fits_slong.c
     1>c:\libraries\mpir-2.4.0\mpf\fits_s.h(65): warning C4146: unary minus operator applied to unsigned type, result still unsigned
         fits_sshort.c
     1>c:\libraries\mpir-2.4.0\mpf\fits_s.h(65): warning C4146: unary minus operator applied to unsigned type, result still unsigned
         fits_uint.c
         Generating Code...
         Compiling...
         fits_ulong.c
         fits_ushort.c
         get_d.c
         get_d_2exp.c
         get_dfl_prec.c
         get_prc.c
         get_si.c
         get_str.c
     1>..\..\mpf\get_str.c(186): warning C4244: '=' : conversion from 'const double' to 'unsigned long', possible loss of data
     1>..\..\mpf\get_str.c(223): warning C4244: '=' : conversion from 'const double' to 'unsigned long', possible loss of data
     1>..\..\mpf\get_str.c(293): warning C4018: '<' : signed/unsigned mismatch
         get_ui.c
         init.c
         init2.c
         inp_str.c
         int_p.c
         iset.c
         iset_d.c
         iset_si.c
         iset_str.c
         iset_ui.c
         mul.c
         mul_2exp.c
         Generating Code...
         Compiling...
         mul_ui.c
         neg.c
         out_str.c
         pow_ui.c
         random2.c
         reldiff.c
         rrandomb.c
         set.c
         set_d.c
         set_dfl_prec.c
         set_prc.c
         set_prc_raw.c
         set_q.c
         set_si.c
         set_str.c
         set_ui.c
         set_z.c
         size.c
         sqrt.c
         sqrt_ui.c
         Generating Code...
         Compiling...
         sub.c
     1>..\..\mpf\sub.c(345): warning C4146: unary minus operator applied to unsigned type, result still unsigned
     1>..\..\mpf\sub.c(371): warning C4146: unary minus operator applied to unsigned type, result still unsigned
     1>..\..\mpf\sub.c(386): warning C4146: unary minus operator applied to unsigned type, result still unsigned
         sub_ui.c
         swap.c
         trunc.c
         ui_div.c
         ui_sub.c
     1>..\..\mpf\ui_sub.c(214): warning C4146: unary minus operator applied to unsigned type, result still unsigned
     1>..\..\mpf\ui_sub.c(233): warning C4146: unary minus operator applied to unsigned type, result still unsigned
     1>..\..\mpf\ui_sub.c(291): warning C4146: unary minus operator applied to unsigned type, result still unsigned
     1>..\..\mpf\ui_sub.c(306): warning C4146: unary minus operator applied to unsigned type, result still unsigned
         urandomb.c
         Generating Code...
         c:\Program Files (x86)\Microsoft Visual Studio 10.0\VC\bin\CL.exe /c /I..\..\ /Zi /nologo /W3 /WX- /Od /Oy- /D _DEBUG /D _LIB /D HAVE_CONFIG_H /D _MBCS /Gm- /EHsc /RTC1 /MTd /GS /fp:precise /Zc:wchar_t /Zc:forScope /Fo"Win32\Debug\mpn\\" /Fd"C:\Libraries\mpir-2.4.0\build.vc10\Win32\Debug\mpir.pdb" /Gd /TC /analyze- /errorReport:prompt ..\..\mpn\generic\com_n.c ..\..\mpn\generic\dc_bdiv_q.c ..\..\mpn\generic\dc_bdiv_qr.c ..\..\mpn\generic\dc_bdiv_qr_n.c ..\..\mpn\generic\dc_bdiv_q_n.c ..\..\mpn\generic\dc_divappr_q.c ..\..\mpn\generic\dc_div_q.c ..\..\mpn\generic\dc_div_qr.c ..\..\mpn\generic\dc_div_qr_n.c ..\..\mpn\generic\divexact.c ..\..\mpn\generic\fib_table.c ..\..\mpn\generic\inv_divappr_q.c ..\..\mpn\generic\inv_divappr_q_n.c ..\..\mpn\generic\inv_div_q.c ..\..\mpn\generic\inv_div_qr.c ..\..\mpn\generic\inv_div_qr_n.c ..\..\mpn\generic\mp_bases.c ..\..\mpn\generic\rootrem_basecase.c ..\..\mpn\generic\sb_bdiv_q.c ..\..\mpn\generic\sb_bdiv_qr.c ..\..\mpn\generic\sb_div_q.c ..\..\mpn\generic\sb_div_qr.c ..\..\mpn\generic\toom8h_mul.c ..\..\mpn\generic\toom8_sqr_n.c ..\..\mpn\generic\toom_couple_handling.c ..\..\mpn\generic\toom_eval_dgr3_pm1.c ..\..\mpn\generic\toom_eval_dgr3_pm2.c ..\..\mpn\generic\toom_eval_pm1.c ..\..\mpn\generic\toom_eval_pm2.c ..\..\mpn\generic\toom_eval_pm2exp.c ..\..\mpn\generic\toom_eval_pm2rexp.c ..\..\mpn\generic\toom_interpolate_16pts.c ..\..\mpn\generic\zero.c ..\..\mpn\generic\add.c ..\..\mpn\generic\add_1.c ..\..\mpn\generic\add_err1_n.c ..\..\mpn\generic\add_err2_n.c ..\..\mpn\generic\bdivmod.c ..\..\mpn\generic\cmp.c ..\..\mpn\generic\dc_divappr_q_n.c ..\..\mpn\generic\divexact_byfobm1.c ..\..\mpn\generic\divexact_byff.c ..\..\mpn\generic\divisible_p.c ..\..\mpn\generic\divrem.c ..\..\mpn\generic\divrem_2.c ..\..\mpn\generic\divrem_euclidean_qr_1.c ..\..\mpn\generic\divrem_euclidean_qr_2.c ..\..\mpn\generic\divrem_euclidean_r_1.c ..\..\mpn\generic\divrem_hensel_qr_1.c ..\..\mpn\generic\divrem_hensel_qr_1_1.c ..\..\mpn\generic\divrem_hensel_qr_1_2.c ..\..\mpn\generic\divrem_hensel_r_1.c ..\..\mpn\generic\divrem_hensel_rsh_qr_1.c ..\..\mpn\generic\dump.c ..\..\mpn\generic\fib2_ui.c ..\..\mpn\generic\gcd.c ..\..\mpn\generic\gcd_1.c ..\..\mpn\generic\gcdext.c ..\..\mpn\generic\get_d.c ..\..\mpn\generic\get_str.c ..\..\mpn\generic\invert.c ..\..\mpn\generic\jacobi_base.c ..\..\mpn\generic\lgcd.c ..\..\mpn\generic\mod_1_1.c ..\..\mpn\generic\mod_1_2.c ..\..\mpn\generic\mod_1_3.c ..\..\mpn\generic\mul.c ..\..\mpn\generic\mul_fft.c ..\..\mpn\generic\mul_n.c ..\..\mpn\generic\mulhigh_n.c ..\..\mpn\generic\mullow_basecase.c ..\..\mpn\generic\mullow_n.c ..\..\mpn\generic\mullow_n_basecase.c ..\..\mpn\generic\mulmid.c ..\..\mpn\generic\mulmid_basecase.c ..\..\mpn\generic\mulmid_n.c ..\..\mpn\generic\mulmod_2expm1.c ..\..\mpn\generic\mulmod_2expp1.c ..\..\mpn\generic\neg_n.c ..\..\mpn\generic\ngcd_matrix.c ..\..\mpn\generic\ngcd_step.c ..\..\mpn\generic\nhgcd2.c ..\..\mpn\generic\perfect_square_p.c ..\..\mpn\generic\pow_1.c ..\..\mpn\generic\preinv_divrem_1.c ..\..\mpn\generic\preinv_mod_1.c ..\..\mpn\generic\random.c ..\..\mpn\generic\random2.c ..\..\mpn\generic\randomb.c ..\..\mpn\generic\redc_1.c ..\..\mpn\generic\rootrem.c ..\..\mpn\generic\rrandom.c ..\..\mpn\generic\rsh_divrem_hensel_qr_1.c ..\..\mpn\generic\rsh_divrem_hensel_qr_1_1.c ..\..\mpn\generic\rsh_divrem_hensel_qr_1_2.c ..\..\mpn\generic\sb_divappr_q.c ..\..\mpn\generic\scan0.c ..\..\mpn\generic\scan1.c ..\..\mpn\generic\set_str.c ..\..\mpn\generic\sizeinbase.c ..\..\mpn\generic\sqrtrem.c ..\..\mpn\generic\sub.c ..\..\mpn\generic\sub_1.c ..\..\mpn\generic\sub_err1_n.c ..\..\mpn\generic\sub_err2_n.c ..\..\mpn\generic\sumdiff_n.c ..\..\mpn\generic\tdiv_q.c ..\..\mpn\generic\tdiv_qr.c ..\..\mpn\generic\toom3_mul.c ..\..\mpn\generic\toom3_mul_n.c ..\..\mpn\generic\toom42_mulmid.c ..\..\mpn\generic\toom4_mul.c ..\..\mpn\generic\toom4_mul_n.c ..\..\mpn\generic\urandomb.c ..\..\mpn\generic\urandomm.c
         com_n.c
         dc_bdiv_q.c
         dc_bdiv_qr.c
         dc_bdiv_qr_n.c
         dc_bdiv_q_n.c
         dc_divappr_q.c
     1>..\..\mpn\generic\dc_divappr_q.c(95): warning C4146: unary minus operator applied to unsigned type, result still unsigned
         dc_div_q.c
         dc_div_qr.c
     1>..\..\mpn\generic\dc_div_qr.c(96): warning C4146: unary minus operator applied to unsigned type, result still unsigned
         dc_div_qr_n.c
         divexact.c
     1>..\..\mpn\generic\divexact.c(72): warning C4146: unary minus operator applied to unsigned type, result still unsigned
     1>..\..\mpn\generic\divexact.c(107): warning C4146: unary minus operator applied to unsigned type, result still unsigned
         fib_table.c
         inv_divappr_q.c
     1>..\..\mpn\generic\inv_divappr_q.c(97): warning C4146: unary minus operator applied to unsigned type, result still unsigned
     1>..\..\mpn\generic\inv_divappr_q.c(40): warning C4101: 'temp' : unreferenced local variable
         inv_divappr_q_n.c
     1>..\..\mpn\generic\inv_divappr_q_n.c(37): warning C4101: 'j' : unreferenced local variable
         inv_div_q.c
         inv_div_qr.c
     1>..\..\mpn\generic\inv_div_qr.c(98): warning C4146: unary minus operator applied to unsigned type, result still unsigned
         inv_div_qr_n.c
     1>..\..\mpn\generic\inv_div_qr_n.c(36): warning C4101: 'i' : unreferenced local variable
     1>..\..\mpn\generic\inv_div_qr_n.c(37): warning C4101: 'tp2' : unreferenced local variable
         mp_bases.c
         rootrem_basecase.c
         sb_bdiv_q.c
         sb_bdiv_qr.c
     1>..\..\mpn\generic\sb_bdiv_qr.c(60): warning C4146: unary minus operator applied to unsigned type, result still unsigned
         Generating Code...
         Compiling...
         sb_div_q.c
     1>..\..\mpn\generic\sb_div_q.c(91): warning C4146: unary minus operator applied to unsigned type, result still unsigned
     1>..\..\mpn\generic\sb_div_q.c(137): warning C4146: unary minus operator applied to unsigned type, result still unsigned
     1>..\..\mpn\generic\sb_div_q.c(181): warning C4146: unary minus operator applied to unsigned type, result still unsigned
         sb_div_qr.c
     1>..\..\mpn\generic\sb_div_qr.c(79): warning C4146: unary minus operator applied to unsigned type, result still unsigned
         toom8h_mul.c
         toom8_sqr_n.c
         toom_couple_handling.c
         toom_eval_dgr3_pm1.c
         toom_eval_dgr3_pm2.c
         toom_eval_pm1.c
         toom_eval_pm2.c
         toom_eval_pm2exp.c
         toom_eval_pm2rexp.c
         toom_interpolate_16pts.c
         zero.c
         add.c
         add_1.c
         add_err1_n.c
         add_err2_n.c
         bdivmod.c
         cmp.c
         dc_divappr_q_n.c
         Generating Code...
         Compiling...
         divexact_byfobm1.c
     1>..\..\mpn\generic\divexact_byfobm1.c(41): warning C4146: unary minus operator applied to unsigned type, result still unsigned
         divexact_byff.c
         divisible_p.c
     1>..\..\mpn\generic\divisible_p.c(110): warning C4146: unary minus operator applied to unsigned type, result still unsigned
     1>..\..\mpn\generic\divisible_p.c(122): warning C4146: unary minus operator applied to unsigned type, result still unsigned
     1>..\..\mpn\generic\divisible_p.c(134): warning C4146: unary minus operator applied to unsigned type, result still unsigned
         divrem.c
         divrem_2.c
     1>..\..\mpn\generic\divrem_2.c(139): warning C4146: unary minus operator applied to unsigned type, result still unsigned
         divrem_euclidean_qr_1.c
         divrem_euclidean_qr_2.c
         divrem_euclidean_r_1.c
     1>..\..\mpn\generic\divrem_euclidean_r_1.c(29): warning C4101: 'h' : unreferenced local variable
     1>..\..\mpn\generic\divrem_euclidean_r_1.c(29): warning C4101: 'l' : unreferenced local variable
     1>..\..\mpn\generic\divrem_euclidean_r_1.c(30): warning C4101: 'j' : unreferenced local variable
     1>..\..\mpn\generic\divrem_euclidean_r_1.c(59): warning C4101: 'th' : unreferenced local variable
     1>..\..\mpn\generic\divrem_euclidean_r_1.c(59): warning C4101: 'tl' : unreferenced local variable
     1>..\..\mpn\generic\divrem_euclidean_r_1.c(59): warning C4101: 'sh' : unreferenced local variable
     1>..\..\mpn\generic\divrem_euclidean_r_1.c(59): warning C4101: 'sl' : unreferenced local variable
     1>..\..\mpn\generic\divrem_euclidean_r_1.c(60): warning C4101: 'j' : unreferenced local variable
     1>..\..\mpn\generic\divrem_euclidean_r_1.c(96): warning C4101: 'th' : unreferenced local variable
     1>..\..\mpn\generic\divrem_euclidean_r_1.c(96): warning C4101: 'tl' : unreferenced local variable
     1>..\..\mpn\generic\divrem_euclidean_r_1.c(96): warning C4101: 'sh' : unreferenced local variable
     1>..\..\mpn\generic\divrem_euclidean_r_1.c(96): warning C4101: 'sl' : unreferenced local variable
     1>..\..\mpn\generic\divrem_euclidean_r_1.c(97): warning C4101: 'jj' : unreferenced local variable
     1>..\..\mpn\generic\divrem_euclidean_r_1.c(97): warning C4101: 'j' : unreferenced local variable
         divrem_hensel_qr_1.c
         divrem_hensel_qr_1_1.c
         divrem_hensel_qr_1_2.c
     1>..\..\mpn\generic\divrem_hensel_qr_1_2.c(34): warning C4146: unary minus operator applied to unsigned type, result still unsigned
         divrem_hensel_r_1.c
         divrem_hensel_rsh_qr_1.c
         dump.c
         fib2_ui.c
         gcd.c
     1>..\..\mpn\generic\gcd.c(323): warning C4146: unary minus operator applied to unsigned type, result still unsigned
         gcd_1.c
     1>..\..\mpn\generic\gcd_1.c(47): warning C4146: unary minus operator applied to unsigned type, result still unsigned
     1>..\..\mpn\generic\gcd_1.c(56): warning C4146: unary minus operator applied to unsigned type, result still unsigned
     1>..\..\mpn\generic\gcd_1.c(68): warning C4146: unary minus operator applied to unsigned type, result still unsigned
         gcdext.c
     1>..\..\mpn\generic\gcdext.c(61): warning C4101: 'u1n' : unreferenced local variable
     1>..\..\mpn\generic\gcdext.c(398): warning C4101: 't' : unreferenced local variable
         get_d.c
         get_str.c
     1>..\..\mpn\generic\get_str.c(186): warning C4244: '=' : conversion from 'mp_limb_t' to 'unsigned char', possible loss of data
     1>..\..\mpn\generic\get_str.c(233): warning C4244: '=' : conversion from 'mp_limb_t' to 'unsigned char', possible loss of data
     1>..\..\mpn\generic\get_str.c(265): warning C4244: '=' : conversion from 'mp_limb_t' to 'unsigned char', possible loss of data
     1>..\..\mpn\generic\get_str.c(275): warning C4244: '=' : conversion from 'mp_limb_t' to 'unsigned char', possible loss of data
     1>..\..\mpn\generic\get_str.c(416): warning C4244: '=' : conversion from 'unsigned long' to 'unsigned char', possible loss of data
     1>..\..\mpn\generic\get_str.c(444): warning C4244: '=' : conversion from 'const double' to 'mp_size_t', possible loss of data
         Generating Code...
         Compiling...
         invert.c
     1>..\..\mpn\generic\invert.c(40): warning C4101: 'i' : unreferenced local variable
     1>..\..\mpn\generic\invert.c(163): warning C4018: '>' : signed/unsigned mismatch
     1>..\..\mpn\generic\invert.c(221): warning C4101: 'cy' : unreferenced local variable
         jacobi_base.c
         lgcd.c
     1>..\..\mpn\generic\lgcd.c(67): warning C4146: unary minus operator applied to unsigned type, result still unsigned
     1>..\..\mpn\generic\lgcd.c(75): warning C4146: unary minus operator applied to unsigned type, result still unsigned
     1>..\..\mpn\generic\lgcd.c(542): warning C4146: unary minus operator applied to unsigned type, result still unsigned
         mod_1_1.c
         mod_1_2.c
         mod_1_3.c
         mul.c
         mul_fft.c
         mul_n.c
     1>..\..\mpn\generic\mul_n.c(259): warning C4146: unary minus operator applied to unsigned type, result still unsigned
     1>..\..\mpn\generic\mul_n.c(50): warning C4101: 'ci' : unreferenced local variable
     1>..\..\mpn\generic\mul_n.c(417): warning C4146: unary minus operator applied to unsigned type, result still unsigned
     1>..\..\mpn\generic\mul_n.c(273): warning C4101: 'ci' : unreferenced local variable
         mulhigh_n.c
     1>..\..\mpn\generic\mulhigh_n.c(195): warning C4018: '<' : signed/unsigned mismatch
         mullow_basecase.c
     1>..\..\mpn\generic\mullow_basecase.c(34): warning C4101: 'c' : unreferenced local variable
         mullow_n.c
         mullow_n_basecase.c
         mulmid.c
         mulmid_basecase.c
         mulmid_n.c
         mulmod_2expm1.c
     1>..\..\mpn\generic\mulmod_2expm1.c(132): warning C4018: '<' : signed/unsigned mismatch
     1>..\..\mpn\generic\mulmod_2expm1.c(150): warning C4018: '<' : signed/unsigned mismatch
     1>..\..\mpn\generic\mulmod_2expm1.c(159): warning C4018: '<' : signed/unsigned mismatch
     1>..\..\mpn\generic\mulmod_2expm1.c(177): warning C4018: '<' : signed/unsigned mismatch
         mulmod_2expp1.c
         neg_n.c
         ngcd_matrix.c
         Generating Code...
         Compiling...
         ngcd_step.c
         nhgcd2.c
         perfect_square_p.c
         pow_1.c
         preinv_divrem_1.c
         preinv_mod_1.c
         random.c
         random2.c
         randomb.c
         redc_1.c
         rootrem.c
         rrandom.c
         rsh_divrem_hensel_qr_1.c
         rsh_divrem_hensel_qr_1_1.c
     1>..\..\mpn\generic\rsh_divrem_hensel_qr_1_1.c(27): warning C4101: 'qb' : unreferenced local variable
         rsh_divrem_hensel_qr_1_2.c
     1>..\..\mpn\generic\rsh_divrem_hensel_qr_1_2.c(34): warning C4146: unary minus operator applied to unsigned type, result still unsigned
         sb_divappr_q.c
     1>..\..\mpn\generic\sb_divappr_q.c(88): warning C4146: unary minus operator applied to unsigned type, result still unsigned
     1>..\..\mpn\generic\sb_divappr_q.c(134): warning C4146: unary minus operator applied to unsigned type, result still unsigned
     1>..\..\mpn\generic\sb_divappr_q.c(178): warning C4146: unary minus operator applied to unsigned type, result still unsigned
         scan0.c
     1>..\..\mpn\generic\scan0.c(42): warning C4146: unary minus operator applied to unsigned type, result still unsigned
     1>..\..\mpn\generic\scan0.c(47): warning C4146: unary minus operator applied to unsigned type, result still unsigned
         scan1.c
     1>..\..\mpn\generic\scan1.c(42): warning C4146: unary minus operator applied to unsigned type, result still unsigned
     1>..\..\mpn\generic\scan1.c(47): warning C4146: unary minus operator applied to unsigned type, result still unsigned
         set_str.c
     1>..\..\mpn\generic\set_str.c(197): warning C4146: unary minus operator applied to unsigned type, result still unsigned
         sizeinbase.c
         Generating Code...
         Compiling...
         sqrtrem.c
         sub.c
         sub_1.c
         sub_err1_n.c
         sub_err2_n.c
         sumdiff_n.c
     1>..\..\mpn\generic\sumdiff_n.c(41): warning C4101: 'scyn' : unreferenced local variable
     1>..\..\mpn\generic\sumdiff_n.c(40): warning C4101: 'acyn' : unreferenced local variable
         tdiv_q.c
         tdiv_qr.c
         toom3_mul.c
     1>..\..\mpn\generic\toom3_mul.c(78): warning C4101: 'cout' : unreferenced local variable
     1>..\..\mpn\generic\toom3_mul.c(493): warning C4146: unary minus operator applied to unsigned type, result still unsigned
     1>..\..\mpn\generic\toom3_mul.c(419): warning C4101: 'cc' : unreferenced local variable
     1>..\..\mpn\generic\toom3_mul.c(419): warning C4101: 'cy' : unreferenced local variable
     1>..\..\mpn\generic\toom3_mul.c(681): warning C4146: unary minus operator applied to unsigned type, result still unsigned
     1>..\..\mpn\generic\toom3_mul.c(693): warning C4146: unary minus operator applied to unsigned type, result still unsigned
     1>..\..\mpn\generic\toom3_mul.c(619): warning C4101: 'cc' : unreferenced local variable
         toom3_mul_n.c
     1>..\..\mpn\generic\toom3_mul_n.c(83): warning C4101: 'cc' : unreferenced local variable
     1>..\..\mpn\generic\toom3_mul_n.c(83): warning C4101: 'cy' : unreferenced local variable
     1>..\..\mpn\generic\toom3_mul_n.c(257): warning C4101: 'cc' : unreferenced local variable
         toom42_mulmid.c
         toom4_mul.c
     1>..\..\mpn\generic\toom4_mul.c(132): warning C4101: 'ind' : unreferenced local variable
     1>..\..\mpn\generic\toom4_mul.c(319): warning C4101: 'cy' : unreferenced local variable
         toom4_mul_n.c
     1>..\..\mpn\generic\toom4_mul_n.c(354): warning C4146: unary minus operator applied to unsigned type, result still unsigned
     1>..\..\mpn\generic\toom4_mul_n.c(558): warning C4101: 'ind' : unreferenced local variable
     1>..\..\mpn\generic\toom4_mul_n.c(741): warning C4101: 'cy' : unreferenced local variable
     1>..\..\mpn\generic\toom4_mul_n.c(849): warning C4101: 'n5' : unreferenced local variable
     1>..\..\mpn\generic\toom4_mul_n.c(849): warning C4101: 'n3' : unreferenced local variable
     1>..\..\mpn\generic\toom4_mul_n.c(849): warning C4101: 'n7' : unreferenced local variable
         urandomb.c
         urandomm.c
         Generating Code...
         c:\Program Files (x86)\Microsoft Visual Studio 10.0\VC\bin\CL.exe /c /I..\..\ /Zi /nologo /W3 /WX- /Od /Oy- /D _DEBUG /D _LIB /D HAVE_CONFIG_H /D _MBCS /Gm- /EHsc /RTC1 /MTd /GS /fp:precise /Zc:wchar_t /Zc:forScope /Fo"Win32\Debug\mpq\\" /Fd"C:\Libraries\mpir-2.4.0\build.vc10\Win32\Debug\mpir.pdb" /Gd /TC /analyze- /errorReport:prompt ..\..\mpq\clears.c ..\..\mpq\inits.c ..\..\mpq\abs.c ..\..\mpq\aors.c ..\..\mpq\canonicalize.c ..\..\mpq\clear.c ..\..\mpq\cmp.c ..\..\mpq\cmp_si.c ..\..\mpq\cmp_ui.c ..\..\mpq\div.c ..\..\mpq\equal.c ..\..\mpq\get_d.c ..\..\mpq\get_den.c ..\..\mpq\get_num.c ..\..\mpq\get_str.c ..\..\mpq\init.c ..\..\mpq\inp_str.c ..\..\mpq\inv.c ..\..\mpq\md_2exp.c ..\..\mpq\mul.c ..\..\mpq\neg.c ..\..\mpq\out_str.c ..\..\mpq\set.c ..\..\mpq\set_d.c ..\..\mpq\set_den.c ..\..\mpq\set_f.c ..\..\mpq\set_num.c ..\..\mpq\set_si.c ..\..\mpq\set_str.c ..\..\mpq\set_ui.c ..\..\mpq\set_z.c ..\..\mpq\swap.c
         clears.c
         inits.c
         abs.c
         aors.c
         canonicalize.c
         clear.c
         cmp.c
         cmp_si.c
         cmp_ui.c
         div.c
         equal.c
         get_d.c
         get_den.c
         get_num.c
         get_str.c
         init.c
         inp_str.c
         inv.c
         md_2exp.c
     1>..\..\mpq\md_2exp.c(67): warning C4146: unary minus operator applied to unsigned type, result still unsigned
         mul.c
         Generating Code...
         Compiling...
         neg.c
         out_str.c
         set.c
         set_d.c
     1>..\..\mpq\set_d.c(108): warning C4146: unary minus operator applied to unsigned type, result still unsigned
         set_den.c
         set_f.c
     1>..\..\mpq\set_f.c(89): warning C4146: unary minus operator applied to unsigned type, result still unsigned
         set_num.c
         set_si.c
         set_str.c
         set_ui.c
         set_z.c
         swap.c
         Generating Code...
         c:\Program Files (x86)\Microsoft Visual Studio 10.0\VC\bin\CL.exe /c /I..\..\ /Zi /nologo /W3 /WX- /Od /Oy- /D _DEBUG /D _LIB /D HAVE_CONFIG_H /D _MBCS /Gm- /EHsc /RTC1 /MTd /GS /fp:precise /Zc:wchar_t /Zc:forScope /Fo"Win32\Debug\mpz\\" /Fd"C:\Libraries\mpir-2.4.0\build.vc10\Win32\Debug\mpir.pdb" /Gd /TC /analyze- /errorReport:prompt ..\..\mpz\clears.c ..\..\mpz\inits.c ..\..\mpz\nthroot.c ..\..\mpz\probable_prime_p.c ..\..\mpz\abs.c ..\..\mpz\add.c ..\..\mpz\add_ui.c ..\..\mpz\and.c ..\..\mpz\aorsmul.c ..\..\mpz\aorsmul_i.c ..\..\mpz\array_init.c ..\..\mpz\bin_ui.c ..\..\mpz\bin_uiui.c ..\..\mpz\cdiv_q.c ..\..\mpz\cdiv_q_ui.c ..\..\mpz\cdiv_qr.c ..\..\mpz\cdiv_qr_ui.c ..\..\mpz\cdiv_r.c ..\..\mpz\cdiv_r_ui.c ..\..\mpz\cdiv_ui.c ..\..\mpz\cfdiv_q_2exp.c ..\..\mpz\cfdiv_r_2exp.c ..\..\mpz\clear.c ..\..\mpz\clrbit.c ..\..\mpz\cmp.c ..\..\mpz\cmp_d.c ..\..\mpz\cmp_si.c ..\..\mpz\cmp_ui.c ..\..\mpz\cmpabs.c ..\..\mpz\cmpabs_d.c ..\..\mpz\cmpabs_ui.c ..\..\mpz\com.c ..\..\mpz\combit.c ..\..\mpz\cong.c ..\..\mpz\cong_2exp.c ..\..\mpz\cong_ui.c ..\..\mpz\dive_ui.c ..\..\mpz\divegcd.c ..\..\mpz\divexact.c ..\..\mpz\divis.c ..\..\mpz\divis_2exp.c ..\..\mpz\divis_ui.c ..\..\mpz\dump.c ..\..\mpz\export.c ..\..\mpz\fac_ui.c ..\..\mpz\fdiv_q.c ..\..\mpz\fdiv_q_ui.c ..\..\mpz\fdiv_qr.c ..\..\mpz\fdiv_qr_ui.c ..\..\mpz\fdiv_r.c ..\..\mpz\fdiv_r_ui.c ..\..\mpz\fdiv_ui.c ..\..\mpz\fib2_ui.c ..\..\mpz\fib_ui.c ..\..\mpz\fits_sint.c ..\..\mpz\fits_slong.c ..\..\mpz\fits_sshort.c ..\..\mpz\fits_uint.c ..\..\mpz\fits_ulong.c ..\..\mpz\fits_ushort.c ..\..\mpz\gcd.c ..\..\mpz\gcd_ui.c ..\..\mpz\gcdext.c ..\..\mpz\get_d.c ..\..\mpz\get_d_2exp.c ..\..\mpz\get_si.c ..\..\mpz\get_str.c ..\..\mpz\get_ui.c ..\..\mpz\getlimbn.c ..\..\mpz\hamdist.c ..\..\mpz\import.c ..\..\mpz\init.c ..\..\mpz\init2.c ..\..\mpz\inp_raw.c ..\..\mpz\inp_str.c ..\..\mpz\invert.c ..\..\mpz\ior.c ..\..\mpz\iset.c ..\..\mpz\iset_d.c ..\..\mpz\iset_si.c ..\..\mpz\iset_str.c ..\..\mpz\iset_ui.c ..\..\mpz\jacobi.c ..\..\mpz\kronsz.c ..\..\mpz\kronuz.c ..\..\mpz\kronzs.c ..\..\mpz\kronzu.c ..\..\mpz\lcm.c ..\..\mpz\lcm_ui.c ..\..\mpz\likely_prime_p.c ..\..\mpz\lucnum2_ui.c ..\..\mpz\lucnum_ui.c ..\..\mpz\millerrabin.c ..\..\mpz\mod.c ..\..\mpz\mul.c ..\..\mpz\mul_2exp.c ..\..\mpz\mul_si.c ..\..\mpz\mul_ui.c ..\..\mpz\n_pow_ui.c ..\..\mpz\neg.c ..\..\mpz\next_likely_prime.c ..\..\mpz\nextprime.c ..\..\mpz\out_raw.c ..\..\mpz\out_str.c ..\..\mpz\perfpow.c ..\..\mpz\perfsqr.c ..\..\mpz\popcount.c ..\..\mpz\pow_ui.c ..\..\mpz\powm.c ..\..\mpz\powm_ui.c ..\..\mpz\pprime_p.c ..\..\mpz\realloc.c ..\..\mpz\realloc2.c ..\..\mpz\remove.c ..\..\mpz\root.c ..\..\mpz\rootrem.c ..\..\mpz\rrandomb.c ..\..\mpz\scan0.c ..\..\mpz\scan1.c ..\..\mpz\set.c ..\..\mpz\set_d.c ..\..\mpz\set_f.c ..\..\mpz\set_q.c ..\..\mpz\set_si.c ..\..\mpz\set_str.c ..\..\mpz\set_ui.c ..\..\mpz\setbit.c ..\..\mpz\size.c ..\..\mpz\sizeinbase.c ..\..\mpz\sqrt.c ..\..\mpz\sqrtrem.c ..\..\mpz\sub.c ..\..\mpz\sub_ui.c ..\..\mpz\swap.c ..\..\mpz\tdiv_q.c ..\..\mpz\tdiv_q_2exp.c ..\..\mpz\tdiv_q_ui.c ..\..\mpz\tdiv_qr.c ..\..\mpz\tdiv_qr_ui.c ..\..\mpz\tdiv_r.c ..\..\mpz\tdiv_r_2exp.c ..\..\mpz\tdiv_r_ui.c ..\..\mpz\tdiv_ui.c ..\..\mpz\trial_division.c ..\..\mpz\tstbit.c ..\..\mpz\ui_pow_ui.c ..\..\mpz\ui_sub.c ..\..\mpz\urandomb.c ..\..\mpz\urandomm.c ..\..\mpz\xor.c
         clears.c
         inits.c
         nthroot.c
     1>..\..\mpz\nthroot.c(31): warning C4101: 'remp' : unreferenced local variable
         probable_prime_p.c
         abs.c
         add.c
         add_ui.c
         and.c
         aorsmul.c
         aorsmul_i.c
     1>..\..\mpz\aorsmul_i.c(148): warning C4146: unary minus operator applied to unsigned type, result still unsigned
         array_init.c
         bin_ui.c
         bin_uiui.c
         cdiv_q.c
         cdiv_q_ui.c
         cdiv_qr.c
         cdiv_qr_ui.c
         cdiv_r.c
         cdiv_r_ui.c
         cdiv_ui.c
         Generating Code...
         Compiling...
         cfdiv_q_2exp.c
         cfdiv_r_2exp.c
         clear.c
         clrbit.c
         cmp.c
         cmp_d.c
         cmp_si.c
         cmp_ui.c
         cmpabs.c
         cmpabs_d.c
         cmpabs_ui.c
         com.c
         combit.c
     1>..\..\mpz\combit.c(51): warning C4146: unary minus operator applied to unsigned type, result still unsigned
         cong.c
     1>..\..\mpz\cong.c(91): warning C4146: unary minus operator applied to unsigned type, result still unsigned
     1>..\..\mpz\cong.c(92): warning C4146: unary minus operator applied to unsigned type, result still unsigned
     1>..\..\mpz\cong.c(119): warning C4146: unary minus operator applied to unsigned type, result still unsigned
     1>..\..\mpz\cong.c(137): warning C4146: unary minus operator applied to unsigned type, result still unsigned
         cong_2exp.c
         cong_ui.c
     1>..\..\mpz\cong_ui.c(98): warning C4146: unary minus operator applied to unsigned type, result still unsigned
     1>..\..\mpz\cong_ui.c(101): warning C4146: unary minus operator applied to unsigned type, result still unsigned
         dive_ui.c
         divegcd.c
     1>..\..\mpz\divegcd.c(95): warning C4146: unary minus operator applied to unsigned type, result still unsigned
         divexact.c
         divis.c
         Generating Code...
         Compiling...
         divis_2exp.c
         divis_ui.c
     1>..\..\mpz\divis_ui.c(64): warning C4146: unary minus operator applied to unsigned type, result still unsigned
     1>..\..\mpz\divis_ui.c(67): warning C4146: unary minus operator applied to unsigned type, result still unsigned
         dump.c
         export.c
     1>..\..\mpz\export.c(169): warning C4244: '=' : conversion from 'mp_limb_t' to 'unsigned char', possible loss of data
     1>..\..\mpz\export.c(169): warning C4244: '=' : conversion from 'unsigned long' to 'unsigned char', possible loss of data
     1>..\..\mpz\export.c(174): warning C4244: '=' : conversion from 'unsigned long' to 'unsigned char', possible loss of data
     1>..\..\mpz\export.c(174): warning C4244: '=' : conversion from 'unsigned long' to 'unsigned char', possible loss of data
     1>..\..\mpz\export.c(178): warning C4018: '<' : signed/unsigned mismatch
         fac_ui.c
         fdiv_q.c
         fdiv_q_ui.c
         fdiv_qr.c
         fdiv_qr_ui.c
         fdiv_r.c
         fdiv_r_ui.c
         fdiv_ui.c
         fib2_ui.c
         fib_ui.c
     1>..\..\mpz\fib_ui.c(106): warning C4146: unary minus operator applied to unsigned type, result still unsigned
         fits_sint.c
     1>c:\libraries\mpir-2.4.0\mpz\fits_s.h(38): warning C4146: unary minus operator applied to unsigned type, result still unsigned
         fits_slong.c
     1>c:\libraries\mpir-2.4.0\mpz\fits_s.h(38): warning C4146: unary minus operator applied to unsigned type, result still unsigned
         fits_sshort.c
     1>c:\libraries\mpir-2.4.0\mpz\fits_s.h(38): warning C4146: unary minus operator applied to unsigned type, result still unsigned
         fits_uint.c
         fits_ulong.c
         fits_ushort.c
         Generating Code...
         Compiling...
         gcd.c
     1>..\..\mpz\gcd.c(161): warning C4146: unary minus operator applied to unsigned type, result still unsigned
     1>..\..\mpz\gcd.c(161): warning C4146: unary minus operator applied to unsigned type, result still unsigned
     1>..\..\mpz\gcd.c(165): warning C4146: unary minus operator applied to unsigned type, result still unsigned
     1>..\..\mpz\gcd.c(165): warning C4146: unary minus operator applied to unsigned type, result still unsigned
     1>..\..\mpz\gcd.c(169): warning C4146: unary minus operator applied to unsigned type, result still unsigned
     1>..\..\mpz\gcd.c(169): warning C4146: unary minus operator applied to unsigned type, result still unsigned
         gcd_ui.c
         gcdext.c
         get_d.c
         get_d_2exp.c
         get_si.c
         get_str.c
     1>..\..\mpz\get_str.c(102): warning C4018: '<' : signed/unsigned mismatch
         get_ui.c
         getlimbn.c
         hamdist.c
     1>..\..\mpz\hamdist.c(96): warning C4146: unary minus operator applied to unsigned type, result still unsigned
     1>..\..\mpz\hamdist.c(97): warning C4146: unary minus operator applied to unsigned type, result still unsigned
         import.c
         init.c
         init2.c
         inp_raw.c
         inp_str.c
         invert.c
         ior.c
         iset.c
         iset_d.c
         iset_si.c
         Generating Code...
         Compiling...
         iset_str.c
         iset_ui.c
         jacobi.c
     1>..\..\mpz\jacobi.c(123): warning C4146: unary minus operator applied to unsigned type, result still unsigned
     1>..\..\mpz\jacobi.c(159): warning C4146: unary minus operator applied to unsigned type, result still unsigned
     1>..\..\mpz\jacobi.c(289): warning C4146: unary minus operator applied to unsigned type, result still unsigned
         kronsz.c
     1>..\..\mpz\kronsz.c(75): warning C4146: unary minus operator applied to unsigned type, result still unsigned
     1>..\..\mpz\kronsz.c(113): warning C4146: unary minus operator applied to unsigned type, result still unsigned
         kronuz.c
     1>..\..\mpz\kronuz.c(94): warning C4146: unary minus operator applied to unsigned type, result still unsigned
     1>..\..\mpz\kronuz.c(107): warning C4146: unary minus operator applied to unsigned type, result still unsigned
         kronzs.c
     1>..\..\mpz\kronzs.c(70): warning C4146: unary minus operator applied to unsigned type, result still unsigned
         kronzu.c
     1>..\..\mpz\kronzu.c(66): warning C4146: unary minus operator applied to unsigned type, result still unsigned
         lcm.c
         lcm_ui.c
         likely_prime_p.c
     1>..\..\mpz\likely_prime_p.c(67): warning C4244: '=' : conversion from 'double' to 'float', possible loss of data
     1>..\..\mpz\likely_prime_p.c(68): warning C4244: '=' : conversion from 'double' to 'float', possible loss of data
     1>..\..\mpz\likely_prime_p.c(69): warning C4244: '=' : conversion from 'double' to 'float', possible loss of data
     1>..\..\mpz\likely_prime_p.c(70): warning C4244: '=' : conversion from 'double' to 'float', possible loss of data
     1>..\..\mpz\likely_prime_p.c(71): warning C4244: '=' : conversion from 'double' to 'float', possible loss of data
     1>..\..\mpz\likely_prime_p.c(220): warning C4018: '>=' : signed/unsigned mismatch
     1>..\..\mpz\likely_prime_p.c(450): warning C4146: unary minus operator applied to unsigned type, result still unsigned
     1>..\..\mpz\likely_prime_p.c(481): warning C4146: unary minus operator applied to unsigned type, result still unsigned
     1>..\..\mpz\likely_prime_p.c(552): warning C4101: 'xx' : unreferenced local variable
     1>..\..\mpz\likely_prime_p.c(552): warning C4101: 'yy' : unreferenced local variable
     1>..\..\mpz\likely_prime_p.c(587): warning C4101: 'xx' : unreferenced local variable
     1>..\..\mpz\likely_prime_p.c(587): warning C4101: 'yy' : unreferenced local variable
     1>..\..\mpz\likely_prime_p.c(620): warning C4101: 'left' : unreferenced local variable
     1>..\..\mpz\likely_prime_p.c(620): warning C4101: 'right' : unreferenced local variable
     1>..\..\mpz\likely_prime_p.c(763): warning C4018: '>=' : signed/unsigned mismatch
         lucnum2_ui.c
         lucnum_ui.c
         millerrabin.c
         mod.c
         mul.c
         mul_2exp.c
         mul_si.c
         mul_ui.c
         n_pow_ui.c
     1>..\..\mpz\n_pow_ui.c(206): warning C4146: unary minus operator applied to unsigned type, result still unsigned
         neg.c
         Generating Code...
         Compiling...
         next_likely_prime.c
         nextprime.c
         out_raw.c
     1>..\..\mpz\out_raw.c(64): warning C4146: unary minus operator applied to unsigned type, result still unsigned
     1>..\..\mpz\out_raw.c(67): warning C4146: unary minus operator applied to unsigned type, result still unsigned
     1>..\..\mpz\out_raw.c(127): warning C4244: '=' : conversion from 'mp_limb_t' to 'char', possible loss of data
     1>..\..\mpz\out_raw.c(149): warning C4244: '=' : conversion from 'mp_size_t' to 'char', possible loss of data
     1>..\..\mpz\out_raw.c(150): warning C4244: '=' : conversion from 'mp_size_t' to 'char', possible loss of data
     1>..\..\mpz\out_raw.c(151): warning C4244: '=' : conversion from 'mp_size_t' to 'char', possible loss of data
         out_str.c
         perfpow.c
     1>..\..\mpz\perfpow.c(223): warning C4146: unary minus operator applied to unsigned type, result still unsigned
     1>..\..\mpz\perfpow.c(226): warning C4146: unary minus operator applied to unsigned type, result still unsigned
         perfsqr.c
         popcount.c
         pow_ui.c
         powm.c
     1>..\..\mpz\powm.c(185): warning C4146: unary minus operator applied to unsigned type, result still unsigned
     1>..\..\mpz\powm.c(209): warning C4018: '>' : signed/unsigned mismatch
         powm_ui.c
         pprime_p.c
         realloc.c
         realloc2.c
         remove.c
         root.c
         rootrem.c
         rrandomb.c
         scan0.c
     1>..\..\mpz\scan0.c(117): warning C4146: unary minus operator applied to unsigned type, result still unsigned
         scan1.c
     1>..\..\mpz\scan1.c(106): warning C4146: unary minus operator applied to unsigned type, result still unsigned
     1>..\..\mpz\scan1.c(135): warning C4146: unary minus operator applied to unsigned type, result still unsigned
         set.c
         Generating Code...
         Compiling...
         set_d.c
         set_f.c
         set_q.c
         set_si.c
         set_str.c
         set_ui.c
         setbit.c
         size.c
         sizeinbase.c
         sqrt.c
         sqrtrem.c
         sub.c
         sub_ui.c
     1>c:\libraries\mpir-2.4.0\mpz\aors_ui.h(95): warning C4146: unary minus operator applied to unsigned type, result still unsigned
         swap.c
         tdiv_q.c
         tdiv_q_2exp.c
         tdiv_q_ui.c
         tdiv_qr.c
         tdiv_qr_ui.c
         tdiv_r.c
         Generating Code...
         Compiling...
         tdiv_r_2exp.c
         tdiv_r_ui.c
         tdiv_ui.c
         trial_division.c
         tstbit.c
     1>..\..\mpz\tstbit.c(50): warning C4018: '>=' : signed/unsigned mismatch
     1>..\..\mpz\tstbit.c(56): warning C4146: unary minus operator applied to unsigned type, result still unsigned
         ui_pow_ui.c
         ui_sub.c
         urandomb.c
         urandomm.c
         xor.c
         Generating Code...
         c:\Program Files (x86)\Microsoft Visual Studio 10.0\VC\bin\CL.exe /c /I..\..\ /Zi /nologo /W3 /WX- /Od /Oy- /D _DEBUG /D _LIB /D HAVE_CONFIG_H /D _MBCS /Gm- /EHsc /RTC1 /MTd /GS /fp:precise /Zc:wchar_t /Zc:forScope /Fo"Win32\Debug\scanf\\" /Fd"C:\Libraries\mpir-2.4.0\build.vc10\Win32\Debug\mpir.pdb" /Gd /TC /analyze- /errorReport:prompt ..\..\scanf\doscan.c ..\..\scanf\fscanf.c ..\..\scanf\fscanffuns.c ..\..\scanf\scanf.c ..\..\scanf\sscanf.c ..\..\scanf\sscanffuns.c ..\..\scanf\vfscanf.c ..\..\scanf\vscanf.c ..\..\scanf\vsscanf.c
         doscan.c
     1>..\..\scanf\doscan.c(403): warning C4146: unary minus operator applied to unsigned type, result still unsigned
         fscanf.c
         fscanffuns.c
     1>..\..\scanf\fscanffuns.c(49): warning C4996: 'fscanf': This function or variable may be unsafe. Consider using fscanf_s instead. To disable deprecation, use _CRT_SECURE_NO_WARNINGS. See online help for details.
                 c:\Program Files (x86)\Microsoft Visual Studio 10.0\VC\include\stdio.h(253) : see declaration of 'fscanf'
         scanf.c
         sscanf.c
         sscanffuns.c
     1>..\..\scanf\sscanffuns.c(34): warning C4996: 'sscanf': This function or variable may be unsafe. Consider using sscanf_s instead. To disable deprecation, use _CRT_SECURE_NO_WARNINGS. See online help for details.
                 c:\Program Files (x86)\Microsoft Visual Studio 10.0\VC\include\stdio.h(325) : see declaration of 'sscanf'
         vfscanf.c
         vscanf.c
         vsscanf.c
         Generating Code...
         c:\Program Files (x86)\Microsoft Visual Studio 10.0\VC\bin\CL.exe /c /I..\..\ /Zi /nologo /W3 /WX- /Od /Oy- /D _DEBUG /D _LIB /D HAVE_CONFIG_H /D _MBCS /Gm- /EHsc /RTC1 /MTd /GS /fp:precise /Zc:wchar_t /Zc:forScope /Fo"Win32\Debug\printf\\" /Fd"C:\Libraries\mpir-2.4.0\build.vc10\Win32\Debug\mpir.pdb" /Gd /TC /analyze- /errorReport:prompt ..\..\printf\asprintf.c ..\..\printf\asprntffuns.c ..\..\printf\doprnt.c ..\..\printf\doprntf.c ..\..\printf\doprnti.c ..\..\printf\fprintf.c ..\..\printf\obprintf.c ..\..\printf\obprntffuns.c ..\..\printf\obvprintf.c ..\..\printf\printf.c ..\..\printf\printffuns.c "..\..\printf\repl-vsnprintf.c" ..\..\printf\snprintf.c ..\..\printf\snprntffuns.c ..\..\printf\sprintf.c ..\..\printf\sprintffuns.c ..\..\printf\vasprintf.c ..\..\printf\vfprintf.c ..\..\printf\vprintf.c ..\..\printf\vsnprintf.c ..\..\printf\vsprintf.c
         asprintf.c
         asprntffuns.c
         doprnt.c
     1>..\..\printf\doprnt.c(189): warning C4996: 'strcpy': This function or variable may be unsafe. Consider using strcpy_s instead. To disable deprecation, use _CRT_SECURE_NO_WARNINGS. See online help for details.
                 c:\Program Files (x86)\Microsoft Visual Studio 10.0\VC\include\string.h(105) : see declaration of 'strcpy'
         doprntf.c
     1>..\..\printf\doprntf.c(266): warning C4996: 'sprintf': This function or variable may be unsafe. Consider using sprintf_s instead. To disable deprecation, use _CRT_SECURE_NO_WARNINGS. See online help for details.
                 c:\Program Files (x86)\Microsoft Visual Studio 10.0\VC\include\stdio.h(371) : see declaration of 'sprintf'
         doprnti.c
         fprintf.c
         obprintf.c
         obprntffuns.c
         obvprintf.c
         printf.c
         printffuns.c
         repl-vsnprintf.c
     1>..\..\printf\repl-vsnprintf.c(366): warning C4996: 'vsprintf': This function or variable may be unsafe. Consider using vsprintf_s instead. To disable deprecation, use _CRT_SECURE_NO_WARNINGS. See online help for details.
                 c:\Program Files (x86)\Microsoft Visual Studio 10.0\VC\include\stdio.h(371) : see declaration of 'vsprintf'
     1>..\..\printf\repl-vsnprintf.c(374): warning C4996: 'vsprintf': This function or variable may be unsafe. Consider using vsprintf_s instead. To disable deprecation, use _CRT_SECURE_NO_WARNINGS. See online help for details.
                 c:\Program Files (x86)\Microsoft Visual Studio 10.0\VC\include\stdio.h(371) : see declaration of 'vsprintf'
         snprintf.c
         snprntffuns.c
     1>..\..\printf\snprntffuns.c(137): warning C4018: '<' : signed/unsigned mismatch
         sprintf.c
         sprintffuns.c
     1>..\..\printf\sprintffuns.c(55): warning C4996: 'vsprintf': This function or variable may be unsafe. Consider using vsprintf_s instead. To disable deprecation, use _CRT_SECURE_NO_WARNINGS. See online help for details.
                 c:\Program Files (x86)\Microsoft Visual Studio 10.0\VC\include\stdio.h(371) : see declaration of 'vsprintf'
         vasprintf.c
     1>..\..\printf\vasprintf.c(89): warning C4018: '<' : signed/unsigned mismatch
         vfprintf.c
         vprintf.c
         vsnprintf.c
         Generating Code...
         Compiling...
         vsprintf.c
         Generating Code...
       Lib:
         c:\Program Files (x86)\Microsoft Visual Studio 10.0\VC\bin\Lib.exe /OUT:"C:\Libraries\mpir-2.4.0\build.vc10\Win32\Debug\mpir.lib" /NOLOGO Win32\Debug\mpn\copyd.obj
         Win32\Debug\mpn\copyi.obj
         Win32\Debug\mpn\divrem_1.obj
         Win32\Debug\mpn\mod_1.obj
         Win32\Debug\mpn\hamdist.obj
         Win32\Debug\mpn\popcount.obj
         Win32\Debug\mpn\udiv.obj
         Win32\Debug\mpn\umul.obj
         Win32\Debug\mpn\lshift.obj
         Win32\Debug\mpn\rshift.obj
         Win32\Debug\mpn\add_n.obj
         Win32\Debug\mpn\addmul_1.obj
         Win32\Debug\mpn\divexact_1.obj
         Win32\Debug\mpn\divexact_by3c.obj
         Win32\Debug\mpn\mod_34lsub1.obj
         Win32\Debug\mpn\modexact_1c_odd.obj
         Win32\Debug\mpn\mul_1.obj
         Win32\Debug\mpn\mul_basecase.obj
         Win32\Debug\mpn\sqr_basecase.obj
         Win32\Debug\mpn\sub_n.obj
         Win32\Debug\mpn\submul_1.obj
         Win32\Debug\assert.obj
         Win32\Debug\compat.obj
         Win32\Debug\errno.obj
         "Win32\Debug\extract-dbl.obj"
         Win32\Debug\invalid.obj
         Win32\Debug\memory.obj
         Win32\Debug\andn_n.obj
         Win32\Debug\and_n.obj
         Win32\Debug\iorn_n.obj
         Win32\Debug\ior_n.obj
         Win32\Debug\nand_n.obj
         Win32\Debug\nior_n.obj
         Win32\Debug\xnor_n.obj
         Win32\Debug\xor_n.obj
         Win32\Debug\get_sx.obj
         Win32\Debug\get_ux.obj
         Win32\Debug\iset_sx.obj
         Win32\Debug\iset_ux.obj
         Win32\Debug\set_sx.obj
         Win32\Debug\set_ux.obj
         Win32\Debug\mp_bpl.obj
         Win32\Debug\mp_clz_tab.obj
         Win32\Debug\mp_dv_tab.obj
         Win32\Debug\mp_get_fns.obj
         Win32\Debug\mp_minv_tab.obj
         Win32\Debug\mp_set_fns.obj
         Win32\Debug\randbui.obj
         Win32\Debug\randclr.obj
         Win32\Debug\randdef.obj
         Win32\Debug\randiset.obj
         Win32\Debug\randlc2s.obj
         Win32\Debug\randlc2x.obj
         Win32\Debug\randmt.obj
         Win32\Debug\randmts.obj
         Win32\Debug\randmui.obj
         Win32\Debug\rands.obj
         Win32\Debug\randsd.obj
         Win32\Debug\randsdui.obj
         "Win32\Debug\tal-reent.obj"
         Win32\Debug\version.obj
         Win32\Debug\mpf\clears.obj
         Win32\Debug\mpf\inits.obj
         Win32\Debug\mpf\abs.obj
         Win32\Debug\mpf\add.obj
         Win32\Debug\mpf\add_ui.obj
         Win32\Debug\mpf\ceilfloor.obj
         Win32\Debug\mpf\clear.obj
         Win32\Debug\mpf\cmp.obj
         Win32\Debug\mpf\cmp_d.obj
         Win32\Debug\mpf\cmp_si.obj
         Win32\Debug\mpf\cmp_ui.obj
         Win32\Debug\mpf\div.obj
         Win32\Debug\mpf\div_2exp.obj
         Win32\Debug\mpf\div_ui.obj
         Win32\Debug\mpf\dump.obj
         Win32\Debug\mpf\eq.obj
         Win32\Debug\mpf\fits_sint.obj
         Win32\Debug\mpf\fits_slong.obj
         Win32\Debug\mpf\fits_sshort.obj
         Win32\Debug\mpf\fits_uint.obj
         Win32\Debug\mpf\fits_ulong.obj
         Win32\Debug\mpf\fits_ushort.obj
         Win32\Debug\mpf\get_d.obj
         Win32\Debug\mpf\get_d_2exp.obj
         Win32\Debug\mpf\get_dfl_prec.obj
         Win32\Debug\mpf\get_prc.obj
         Win32\Debug\mpf\get_si.obj
         Win32\Debug\mpf\get_str.obj
         Win32\Debug\mpf\get_ui.obj
         Win32\Debug\mpf\init.obj
         Win32\Debug\mpf\init2.obj
         Win32\Debug\mpf\inp_str.obj
         Win32\Debug\mpf\int_p.obj
         Win32\Debug\mpf\iset.obj
         Win32\Debug\mpf\iset_d.obj
         Win32\Debug\mpf\iset_si.obj
         Win32\Debug\mpf\iset_str.obj
         Win32\Debug\mpf\iset_ui.obj
         Win32\Debug\mpf\mul.obj
         Win32\Debug\mpf\mul_2exp.obj
         Win32\Debug\mpf\mul_ui.obj
         Win32\Debug\mpf\neg.obj
         Win32\Debug\mpf\out_str.obj
         Win32\Debug\mpf\pow_ui.obj
         Win32\Debug\mpf\random2.obj
         Win32\Debug\mpf\reldiff.obj
         Win32\Debug\mpf\rrandomb.obj
         Win32\Debug\mpf\set.obj
         Win32\Debug\mpf\set_d.obj
         Win32\Debug\mpf\set_dfl_prec.obj
         Win32\Debug\mpf\set_prc.obj
         Win32\Debug\mpf\set_prc_raw.obj
         Win32\Debug\mpf\set_q.obj
         Win32\Debug\mpf\set_si.obj
         Win32\Debug\mpf\set_str.obj
         Win32\Debug\mpf\set_ui.obj
         Win32\Debug\mpf\set_z.obj
         Win32\Debug\mpf\size.obj
         Win32\Debug\mpf\sqrt.obj
         Win32\Debug\mpf\sqrt_ui.obj
         Win32\Debug\mpf\sub.obj
         Win32\Debug\mpf\sub_ui.obj
         Win32\Debug\mpf\swap.obj
         Win32\Debug\mpf\trunc.obj
         Win32\Debug\mpf\ui_div.obj
         Win32\Debug\mpf\ui_sub.obj
         Win32\Debug\mpf\urandomb.obj
         Win32\Debug\mpn\com_n.obj
         Win32\Debug\mpn\dc_bdiv_q.obj
         Win32\Debug\mpn\dc_bdiv_qr.obj
         Win32\Debug\mpn\dc_bdiv_qr_n.obj
         Win32\Debug\mpn\dc_bdiv_q_n.obj
         Win32\Debug\mpn\dc_divappr_q.obj
         Win32\Debug\mpn\dc_div_q.obj
         Win32\Debug\mpn\dc_div_qr.obj
         Win32\Debug\mpn\dc_div_qr_n.obj
         Win32\Debug\mpn\divexact.obj
         Win32\Debug\mpn\fib_table.obj
         Win32\Debug\mpn\inv_divappr_q.obj
         Win32\Debug\mpn\inv_divappr_q_n.obj
         Win32\Debug\mpn\inv_div_q.obj
         Win32\Debug\mpn\inv_div_qr.obj
         Win32\Debug\mpn\inv_div_qr_n.obj
         Win32\Debug\mpn\mp_bases.obj
         Win32\Debug\mpn\rootrem_basecase.obj
         Win32\Debug\mpn\sb_bdiv_q.obj
         Win32\Debug\mpn\sb_bdiv_qr.obj
         Win32\Debug\mpn\sb_div_q.obj
         Win32\Debug\mpn\sb_div_qr.obj
         Win32\Debug\mpn\toom8h_mul.obj
         Win32\Debug\mpn\toom8_sqr_n.obj
         Win32\Debug\mpn\toom_couple_handling.obj
         Win32\Debug\mpn\toom_eval_dgr3_pm1.obj
         Win32\Debug\mpn\toom_eval_dgr3_pm2.obj
         Win32\Debug\mpn\toom_eval_pm1.obj
         Win32\Debug\mpn\toom_eval_pm2.obj
         Win32\Debug\mpn\toom_eval_pm2exp.obj
         Win32\Debug\mpn\toom_eval_pm2rexp.obj
         Win32\Debug\mpn\toom_interpolate_16pts.obj
         Win32\Debug\mpn\zero.obj
         Win32\Debug\mpn\add.obj
         Win32\Debug\mpn\add_1.obj
         Win32\Debug\mpn\add_err1_n.obj
         Win32\Debug\mpn\add_err2_n.obj
         Win32\Debug\mpn\bdivmod.obj
         Win32\Debug\mpn\cmp.obj
         Win32\Debug\mpn\dc_divappr_q_n.obj
         Win32\Debug\mpn\divexact_byfobm1.obj
         Win32\Debug\mpn\divexact_byff.obj
         Win32\Debug\mpn\divisible_p.obj
         Win32\Debug\mpn\divrem.obj
         Win32\Debug\mpn\divrem_2.obj
         Win32\Debug\mpn\divrem_euclidean_qr_1.obj
         Win32\Debug\mpn\divrem_euclidean_qr_2.obj
         Win32\Debug\mpn\divrem_euclidean_r_1.obj
         Win32\Debug\mpn\divrem_hensel_qr_1.obj
         Win32\Debug\mpn\divrem_hensel_qr_1_1.obj
         Win32\Debug\mpn\divrem_hensel_qr_1_2.obj
         Win32\Debug\mpn\divrem_hensel_r_1.obj
         Win32\Debug\mpn\divrem_hensel_rsh_qr_1.obj
         Win32\Debug\mpn\dump.obj
         Win32\Debug\mpn\fib2_ui.obj
         Win32\Debug\mpn\gcd.obj
         Win32\Debug\mpn\gcd_1.obj
         Win32\Debug\mpn\gcdext.obj
         Win32\Debug\mpn\get_d.obj
         Win32\Debug\mpn\get_str.obj
         Win32\Debug\mpn\invert.obj
         Win32\Debug\mpn\jacobi_base.obj
         Win32\Debug\mpn\lgcd.obj
         Win32\Debug\mpn\mod_1_1.obj
         Win32\Debug\mpn\mod_1_2.obj
         Win32\Debug\mpn\mod_1_3.obj
         Win32\Debug\mpn\mul.obj
         Win32\Debug\mpn\mul_fft.obj
         Win32\Debug\mpn\mul_n.obj
         Win32\Debug\mpn\mulhigh_n.obj
         Win32\Debug\mpn\mullow_basecase.obj
         Win32\Debug\mpn\mullow_n.obj
         Win32\Debug\mpn\mullow_n_basecase.obj
         Win32\Debug\mpn\mulmid.obj
         Win32\Debug\mpn\mulmid_basecase.obj
         Win32\Debug\mpn\mulmid_n.obj
         Win32\Debug\mpn\mulmod_2expm1.obj
         Win32\Debug\mpn\mulmod_2expp1.obj
         Win32\Debug\mpn\neg_n.obj
         Win32\Debug\mpn\ngcd_matrix.obj
         Win32\Debug\mpn\ngcd_step.obj
         Win32\Debug\mpn\nhgcd2.obj
         Win32\Debug\mpn\perfect_square_p.obj
         Win32\Debug\mpn\pow_1.obj
         Win32\Debug\mpn\preinv_divrem_1.obj
         Win32\Debug\mpn\preinv_mod_1.obj
         Win32\Debug\mpn\random.obj
         Win32\Debug\mpn\random2.obj
         Win32\Debug\mpn\randomb.obj
         Win32\Debug\mpn\redc_1.obj
         Win32\Debug\mpn\rootrem.obj
         Win32\Debug\mpn\rrandom.obj
         Win32\Debug\mpn\rsh_divrem_hensel_qr_1.obj
         Win32\Debug\mpn\rsh_divrem_hensel_qr_1_1.obj
         Win32\Debug\mpn\rsh_divrem_hensel_qr_1_2.obj
         Win32\Debug\mpn\sb_divappr_q.obj
         Win32\Debug\mpn\scan0.obj
         Win32\Debug\mpn\scan1.obj
         Win32\Debug\mpn\set_str.obj
         Win32\Debug\mpn\sizeinbase.obj
         Win32\Debug\mpn\sqrtrem.obj
         Win32\Debug\mpn\sub.obj
         Win32\Debug\mpn\sub_1.obj
         Win32\Debug\mpn\sub_err1_n.obj
         Win32\Debug\mpn\sub_err2_n.obj
         Win32\Debug\mpn\sumdiff_n.obj
         Win32\Debug\mpn\tdiv_q.obj
         Win32\Debug\mpn\tdiv_qr.obj
         Win32\Debug\mpn\toom3_mul.obj
         Win32\Debug\mpn\toom3_mul_n.obj
         Win32\Debug\mpn\toom42_mulmid.obj
         Win32\Debug\mpn\toom4_mul.obj
         Win32\Debug\mpn\toom4_mul_n.obj
         Win32\Debug\mpn\urandomb.obj
         Win32\Debug\mpn\urandomm.obj
         Win32\Debug\mpq\clears.obj
         Win32\Debug\mpq\inits.obj
         Win32\Debug\mpq\abs.obj
         Win32\Debug\mpq\aors.obj
         Win32\Debug\mpq\canonicalize.obj
         Win32\Debug\mpq\clear.obj
         Win32\Debug\mpq\cmp.obj
         Win32\Debug\mpq\cmp_si.obj
         Win32\Debug\mpq\cmp_ui.obj
         Win32\Debug\mpq\div.obj
         Win32\Debug\mpq\equal.obj
         Win32\Debug\mpq\get_d.obj
         Win32\Debug\mpq\get_den.obj
         Win32\Debug\mpq\get_num.obj
         Win32\Debug\mpq\get_str.obj
         Win32\Debug\mpq\init.obj
         Win32\Debug\mpq\inp_str.obj
         Win32\Debug\mpq\inv.obj
         Win32\Debug\mpq\md_2exp.obj
         Win32\Debug\mpq\mul.obj
         Win32\Debug\mpq\neg.obj
         Win32\Debug\mpq\out_str.obj
         Win32\Debug\mpq\set.obj
         Win32\Debug\mpq\set_d.obj
         Win32\Debug\mpq\set_den.obj
         Win32\Debug\mpq\set_f.obj
         Win32\Debug\mpq\set_num.obj
         Win32\Debug\mpq\set_si.obj
         Win32\Debug\mpq\set_str.obj
         Win32\Debug\mpq\set_ui.obj
         Win32\Debug\mpq\set_z.obj
         Win32\Debug\mpq\swap.obj
         Win32\Debug\mpz\clears.obj
         Win32\Debug\mpz\inits.obj
         Win32\Debug\mpz\nthroot.obj
         Win32\Debug\mpz\probable_prime_p.obj
         Win32\Debug\mpz\abs.obj
         Win32\Debug\mpz\add.obj
         Win32\Debug\mpz\add_ui.obj
         Win32\Debug\mpz\and.obj
         Win32\Debug\mpz\aorsmul.obj
         Win32\Debug\mpz\aorsmul_i.obj
         Win32\Debug\mpz\array_init.obj
         Win32\Debug\mpz\bin_ui.obj
         Win32\Debug\mpz\bin_uiui.obj
         Win32\Debug\mpz\cdiv_q.obj
         Win32\Debug\mpz\cdiv_q_ui.obj
         Win32\Debug\mpz\cdiv_qr.obj
         Win32\Debug\mpz\cdiv_qr_ui.obj
         Win32\Debug\mpz\cdiv_r.obj
         Win32\Debug\mpz\cdiv_r_ui.obj
         Win32\Debug\mpz\cdiv_ui.obj
         Win32\Debug\mpz\cfdiv_q_2exp.obj
         Win32\Debug\mpz\cfdiv_r_2exp.obj
         Win32\Debug\mpz\clear.obj
         Win32\Debug\mpz\clrbit.obj
         Win32\Debug\mpz\cmp.obj
         Win32\Debug\mpz\cmp_d.obj
         Win32\Debug\mpz\cmp_si.obj
         Win32\Debug\mpz\cmp_ui.obj
         Win32\Debug\mpz\cmpabs.obj
         Win32\Debug\mpz\cmpabs_d.obj
         Win32\Debug\mpz\cmpabs_ui.obj
         Win32\Debug\mpz\com.obj
         Win32\Debug\mpz\combit.obj
         Win32\Debug\mpz\cong.obj
         Win32\Debug\mpz\cong_2exp.obj
         Win32\Debug\mpz\cong_ui.obj
         Win32\Debug\mpz\dive_ui.obj
         Win32\Debug\mpz\divegcd.obj
         Win32\Debug\mpz\divexact.obj
         Win32\Debug\mpz\divis.obj
         Win32\Debug\mpz\divis_2exp.obj
         Win32\Debug\mpz\divis_ui.obj
         Win32\Debug\mpz\dump.obj
         Win32\Debug\mpz\export.obj
         Win32\Debug\mpz\fac_ui.obj
         Win32\Debug\mpz\fdiv_q.obj
         Win32\Debug\mpz\fdiv_q_ui.obj
         Win32\Debug\mpz\fdiv_qr.obj
         Win32\Debug\mpz\fdiv_qr_ui.obj
         Win32\Debug\mpz\fdiv_r.obj
         Win32\Debug\mpz\fdiv_r_ui.obj
         Win32\Debug\mpz\fdiv_ui.obj
         Win32\Debug\mpz\fib2_ui.obj
         Win32\Debug\mpz\fib_ui.obj
         Win32\Debug\mpz\fits_sint.obj
         Win32\Debug\mpz\fits_slong.obj
         Win32\Debug\mpz\fits_sshort.obj
         Win32\Debug\mpz\fits_uint.obj
         Win32\Debug\mpz\fits_ulong.obj
         Win32\Debug\mpz\fits_ushort.obj
         Win32\Debug\mpz\gcd.obj
         Win32\Debug\mpz\gcd_ui.obj
         Win32\Debug\mpz\gcdext.obj
         Win32\Debug\mpz\get_d.obj
         Win32\Debug\mpz\get_d_2exp.obj
         Win32\Debug\mpz\get_si.obj
         Win32\Debug\mpz\get_str.obj
         Win32\Debug\mpz\get_ui.obj
         Win32\Debug\mpz\getlimbn.obj
         Win32\Debug\mpz\hamdist.obj
         Win32\Debug\mpz\import.obj
         Win32\Debug\mpz\init.obj
         Win32\Debug\mpz\init2.obj
         Win32\Debug\mpz\inp_raw.obj
         Win32\Debug\mpz\inp_str.obj
         Win32\Debug\mpz\invert.obj
         Win32\Debug\mpz\ior.obj
         Win32\Debug\mpz\iset.obj
         Win32\Debug\mpz\iset_d.obj
         Win32\Debug\mpz\iset_si.obj
         Win32\Debug\mpz\iset_str.obj
         Win32\Debug\mpz\iset_ui.obj
         Win32\Debug\mpz\jacobi.obj
         Win32\Debug\mpz\kronsz.obj
         Win32\Debug\mpz\kronuz.obj
         Win32\Debug\mpz\kronzs.obj
         Win32\Debug\mpz\kronzu.obj
         Win32\Debug\mpz\lcm.obj
         Win32\Debug\mpz\lcm_ui.obj
         Win32\Debug\mpz\likely_prime_p.obj
         Win32\Debug\mpz\lucnum2_ui.obj
         Win32\Debug\mpz\lucnum_ui.obj
         Win32\Debug\mpz\millerrabin.obj
         Win32\Debug\mpz\mod.obj
         Win32\Debug\mpz\mul.obj
         Win32\Debug\mpz\mul_2exp.obj
         Win32\Debug\mpz\mul_si.obj
         Win32\Debug\mpz\mul_ui.obj
         Win32\Debug\mpz\n_pow_ui.obj
         Win32\Debug\mpz\neg.obj
         Win32\Debug\mpz\next_likely_prime.obj
         Win32\Debug\mpz\nextprime.obj
         Win32\Debug\mpz\out_raw.obj
         Win32\Debug\mpz\out_str.obj
         Win32\Debug\mpz\perfpow.obj
         Win32\Debug\mpz\perfsqr.obj
         Win32\Debug\mpz\popcount.obj
         Win32\Debug\mpz\pow_ui.obj
         Win32\Debug\mpz\powm.obj
         Win32\Debug\mpz\powm_ui.obj
         Win32\Debug\mpz\pprime_p.obj
         Win32\Debug\mpz\realloc.obj
         Win32\Debug\mpz\realloc2.obj
         Win32\Debug\mpz\remove.obj
         Win32\Debug\mpz\root.obj
         Win32\Debug\mpz\rootrem.obj
         Win32\Debug\mpz\rrandomb.obj
         Win32\Debug\mpz\scan0.obj
         Win32\Debug\mpz\scan1.obj
         Win32\Debug\mpz\set.obj
         Win32\Debug\mpz\set_d.obj
         Win32\Debug\mpz\set_f.obj
         Win32\Debug\mpz\set_q.obj
         Win32\Debug\mpz\set_si.obj
         Win32\Debug\mpz\set_str.obj
         Win32\Debug\mpz\set_ui.obj
         Win32\Debug\mpz\setbit.obj
         Win32\Debug\mpz\size.obj
         Win32\Debug\mpz\sizeinbase.obj
         Win32\Debug\mpz\sqrt.obj
         Win32\Debug\mpz\sqrtrem.obj
         Win32\Debug\mpz\sub.obj
         Win32\Debug\mpz\sub_ui.obj
         Win32\Debug\mpz\swap.obj
         Win32\Debug\mpz\tdiv_q.obj
         Win32\Debug\mpz\tdiv_q_2exp.obj
         Win32\Debug\mpz\tdiv_q_ui.obj
         Win32\Debug\mpz\tdiv_qr.obj
         Win32\Debug\mpz\tdiv_qr_ui.obj
         Win32\Debug\mpz\tdiv_r.obj
         Win32\Debug\mpz\tdiv_r_2exp.obj
         Win32\Debug\mpz\tdiv_r_ui.obj
         Win32\Debug\mpz\tdiv_ui.obj
         Win32\Debug\mpz\trial_division.obj
         Win32\Debug\mpz\tstbit.obj
         Win32\Debug\mpz\ui_pow_ui.obj
         Win32\Debug\mpz\ui_sub.obj
         Win32\Debug\mpz\urandomb.obj
         Win32\Debug\mpz\urandomm.obj
         Win32\Debug\mpz\xor.obj
         Win32\Debug\scanf\doscan.obj
         Win32\Debug\scanf\fscanf.obj
         Win32\Debug\scanf\fscanffuns.obj
         Win32\Debug\scanf\scanf.obj
         Win32\Debug\scanf\sscanf.obj
         Win32\Debug\scanf\sscanffuns.obj
         Win32\Debug\scanf\vfscanf.obj
         Win32\Debug\scanf\vscanf.obj
         Win32\Debug\scanf\vsscanf.obj
         Win32\Debug\printf\asprintf.obj
         Win32\Debug\printf\asprntffuns.obj
         Win32\Debug\printf\doprnt.obj
         Win32\Debug\printf\doprntf.obj
         Win32\Debug\printf\doprnti.obj
         Win32\Debug\printf\fprintf.obj
         Win32\Debug\printf\obprintf.obj
         Win32\Debug\printf\obprntffuns.obj
         Win32\Debug\printf\obvprintf.obj
         Win32\Debug\printf\printf.obj
         Win32\Debug\printf\printffuns.obj
         "Win32\Debug\printf\repl-vsnprintf.obj"
         Win32\Debug\printf\snprintf.obj
         Win32\Debug\printf\snprntffuns.obj
         Win32\Debug\printf\sprintf.obj
         Win32\Debug\printf\sprintffuns.obj
         Win32\Debug\printf\vasprintf.obj
         Win32\Debug\printf\vfprintf.obj
         Win32\Debug\printf\vprintf.obj
         Win32\Debug\printf\vsnprintf.obj
         Win32\Debug\printf\vsprintf.obj
     1>preinv_divrem_1.obj : warning LNK4221: This object file does not define any previously undefined public symbols, so it will not be used by any link operation that consumes this library
         lib_mpir_p4.vcxproj -> C:\Libraries\mpir-2.4.0\build.vc10\Win32\Debug\mpir.lib
       PostBuildEvent:
         cd ..\ 
         postbuild "C:\Libraries\mpir-2.4.0\build.vc10\Win32\Debug\mpir.lib"
         :VCEnd
         copying outputs from "Win32\Debug" to "lib\Win32\Debug"
                 1 Datei(en) kopiert.
                 1 Datei(en) kopiert.
                 1 Datei(en) kopiert.
                 1 Datei(en) kopiert.
                 1 Datei(en) kopiert.
                 1 Datei(en) kopiert.
                 1 Datei(en) kopiert.
                 1 Datei(en) kopiert.
                 1 Datei(en) kopiert.
       FinalizeBuildStatus:
         Deleting file "Win32\Debug\lib_mpir_p4.unsuccessfulbuild".
         Touching "Win32\Debug\lib_mpir_p4.lastbuildstate".
     1>Done Building Project "C:\Libraries\mpir-2.4.0\build.vc10\lib_mpir_p4\lib_mpir_p4.vcxproj" (build target(s)).

Build succeeded.

Time Elapsed 01:36:00.35
